<?xml version="1.0" encoding="UTF-8"?>
<!-- Generated by org.testng.reporters.JUnitReportReporter -->
<testsuite hostname="DESKTOP-0GGVNTV" failures="0" tests="4" name="com.nextgenai.testngannotations.RegisterDemo" time="0.025" errors="0" timestamp="2022-08-04T13:08:46 IST" skipped="0">
  <testcase classname="com.nextgenai.testngannotations.RegisterDemo" name="lauchApplication" time="0.012"/>
  <system-out/>
  <testcase classname="com.nextgenai.testngannotations.RegisterDemo" name="navigateToRegistrationForm" time="0.004"/>
  <system-out/>
  <testcase classname="com.nextgenai.testngannotations.RegisterDemo" name="registerForDemo" time="0.004"/>
  <system-out/>
  <testcase classname="com.nextgenai.testngannotations.RegisterDemo" name="closeApplication" time="0.005"/>
  <system-out/>
</testsuite> <!-- com.nextgenai.testngannotations.RegisterDemo -->
