<?xml version="1.0" encoding="UTF-8"?>
<!-- Generated by org.testng.reporters.JUnitReportReporter -->
<testsuite hostname="DESKTOP-0GGVNTV" failures="0" tests="9" name="com.nextgenai.crossbrowsertesting.SampleThreadProgram" time="0.141" errors="0" timestamp="2022-07-21T21:14:29 IST" skipped="0">
  <testcase classname="com.nextgenai.crossbrowsertesting.SampleThreadProgram" name="testCase6" time="0.008"/>
  <system-out/>
  <testcase classname="com.nextgenai.crossbrowsertesting.SampleThreadProgram" name="testCase4" time="0.025"/>
  <system-out/>
  <testcase classname="com.nextgenai.crossbrowsertesting.SampleThreadProgram" name="testCase9" time="0.009"/>
  <system-out/>
  <testcase classname="com.nextgenai.crossbrowsertesting.SampleThreadProgram" name="testCase1" time="0.013"/>
  <system-out/>
  <testcase classname="com.nextgenai.crossbrowsertesting.SampleThreadProgram" name="testCase7" time="0.013"/>
  <system-out/>
  <testcase classname="com.nextgenai.crossbrowsertesting.SampleThreadProgram" name="testCase5" time="0.028"/>
  <system-out/>
  <testcase classname="com.nextgenai.crossbrowsertesting.SampleThreadProgram" name="testCase3" time="0.015"/>
  <system-out/>
  <testcase classname="com.nextgenai.crossbrowsertesting.SampleThreadProgram" name="testCase2" time="0.029"/>
  <system-out/>
  <testcase classname="com.nextgenai.crossbrowsertesting.SampleThreadProgram" name="testCase8" time="0.001"/>
  <system-out/>
</testsuite> <!-- com.nextgenai.crossbrowsertesting.SampleThreadProgram -->
