<?xml version="1.0" encoding="UTF-8"?>
<!-- Generated by org.testng.reporters.JUnitReportReporter -->
<testsuite hostname="DESKTOP-0GGVNTV" failures="0" tests="6" name="com.nextgenai.testngannotations.BankingApplication" time="0.047" errors="0" timestamp="2022-07-19T11:11:46 IST" skipped="1">
  <testcase classname="com.nextgenai.testngannotations.BankingApplication" name="launchApplication" time="0.016"/>
  <system-out/>
  <testcase classname="com.nextgenai.testngannotations.BankingApplication" name="loginUser" time="0.000"/>
  <system-out/>
  <testcase classname="com.nextgenai.testngannotations.BankingApplication" name="checkSavingAccountBalance" time="0.016"/>
  <system-out/>
  <testcase classname="com.nextgenai.testngannotations.BankingApplication" name="logout" time="0.000"/>
  <system-out/>
  <testcase classname="com.nextgenai.testngannotations.BankingApplication" name="closeApplication" time="0.015"/>
  <system-out/>
  <testcase classname="com.nextgenai.testngannotations.BankingApplication" name="checkCurrentAccountBalance">
    <skipped/>
  </testcase> <!-- checkCurrentAccountBalance -->
  <system-out/>
</testsuite> <!-- com.nextgenai.testngannotations.BankingApplication -->
