<?xml version="1.0" encoding="UTF-8"?>
<!-- Generated by org.testng.reporters.JUnitReportReporter -->
<testsuite hostname="DESKTOP-0GGVNTV" failures="0" tests="2" name="com.nextgenai.crossbrowsertesting.MultiBrowser" time="0.014" errors="0" timestamp="2022-07-21T19:13:56 IST" skipped="0">
  <testcase classname="com.nextgenai.crossbrowsertesting.MultiBrowser" name="f" time="0.011"/>
  <system-out/>
  <testcase classname="com.nextgenai.crossbrowsertesting.MultiBrowser" name="f" time="0.003"/>
  <system-out/>
</testsuite> <!-- com.nextgenai.crossbrowsertesting.MultiBrowser -->
