<?xml version="1.0" encoding="UTF-8"?>
<!-- Generated by org.testng.reporters.JUnitReportReporter -->
<testsuite hostname="DESKTOP-0GGVNTV" failures="0" tests="5" name="com.nextgenai.extentreport.ExtentReport" time="0.029" errors="0" timestamp="2022-07-26T13:10:47 IST" skipped="0">
  <testcase classname="com.nextgenai.extentreport.ExtentReport" name="launchApplication" time="0.017"/>
  <system-out/>
  <testcase classname="com.nextgenai.extentreport.ExtentReport" name="failedTestcase" time="0.004"/>
  <system-out/>
  <testcase classname="com.nextgenai.extentreport.ExtentReport" name="wariningTestcase" time="0.004"/>
  <system-out/>
  <testcase classname="com.nextgenai.extentreport.ExtentReport" name="skippingTestcase" time="0.001"/>
  <system-out/>
  <testcase classname="com.nextgenai.extentreport.ExtentReport" name="informationTestcase" time="0.003"/>
  <system-out/>
</testsuite> <!-- com.nextgenai.extentreport.ExtentReport -->
