<?xml version="1.0" encoding="UTF-8"?>
<!-- Generated by org.testng.reporters.JUnitReportReporter -->
<testsuite hostname="DESKTOP-0GGVNTV" failures="0" tests="4" name="com.nextgenai.testngannotations.AlphabeticOrder" time="0.025" errors="0" timestamp="2022-07-18T20:54:19 IST" skipped="0">
  <testcase classname="com.nextgenai.testngannotations.AlphabeticOrder" name="h" time="0.005"/>
  <system-out/>
  <testcase classname="com.nextgenai.testngannotations.AlphabeticOrder" name="a" time="0.011"/>
  <system-out/>
  <testcase classname="com.nextgenai.testngannotations.AlphabeticOrder" name="f" time="0.004"/>
  <system-out/>
  <testcase classname="com.nextgenai.testngannotations.AlphabeticOrder" name="z" time="0.005"/>
  <system-out/>
</testsuite> <!-- com.nextgenai.testngannotations.AlphabeticOrder -->
