<?xml version="1.0" encoding="UTF-8"?>
<!-- Generated by org.testng.reporters.JUnitReportReporter -->
<testsuite hostname="DESKTOP-0GGVNTV" failures="0" tests="6" name="com.nextgeni.registerdemotestng.RegisterDemoTestNG" time="24.880" errors="0" timestamp="2022-07-21T19:53:39 IST" skipped="0">
  <testcase classname="com.nextgeni.registerdemotestng.RegisterDemoTestNG" name="navigateToRegistrationForm" time="6.018"/>
  <system-out>
    <![CDATA[Navigated to Register Demo Page]]>
  </system-out>
  <testcase classname="com.nextgeni.registerdemotestng.RegisterDemoTestNG" name="navigateToRegistrationForm" time="6.980"/>
  <system-out>
    <![CDATA[Navigated to Register Demo Page]]>
  </system-out>
  <testcase classname="com.nextgeni.registerdemotestng.RegisterDemoTestNG" name="registerUser" time="4.835"/>
  <system-out>
    <![CDATA[Registration Title is displayed
Title of the Registration page is : Register For Demo
First Name is displayed
First Name is enabled
First Name entered is : Dhanya
Last Name is displayed
Last Name is enabled
Last Name entered is : Balakrishnan
Female Radio Button is displayed
Female Radio Button is enabled
Female Radio Button is not selected
Female Radio Button is now selected
Address is displayed
Address is enabled
Address entered is : Devajyothi
Street Address is displayed
Street Address is enabled
Street Address entered is : Kisan Road
City is displayed
City is enabled
City entered is : Kannur
State is displayed
State is enabled
State entered is : Kerala
Postal Code  is displayed
Postal Code is enabled
Postal Code entered is : 670014
Country DropDown is displayed
Country DropDown is enabled
Country selected is : India
E mail is displayed
E mail is enabled
E mail entered is : dhanya9633@gmail.com
Date of Demo is displayed
Date of Demo is enabled
Date of Demo is : 07/11/2022
Hour DropDown is displayed
Hour DropDown is enabled
Hour selected is : 09
Minute DropDown is displayed
Minute DropDown is enabled
Minute selected is : 30
Mobile Number is displayed
Mobile Number is enabled
Mobile Number entered is : 9633311635
UFT Checkbox is displayed
UFT Checkbox is enabled
UFT Checkbox is not selected
UFT Checkbox is now selected
Functional Testing Checkbox is displayed
Functional Testing Checkbox is enabled
Functional Testing Checkbox is not selected
Functional Testing sCheckbox is now selected
Query TestBox is displayed
Query TestBox is enabled
Query Entered is : How many days online training?
Enter Two Digit TestBox is displayed
Enter Two Digit TestBox is enabled
Two Digit number entered is :  99
Submit button is displayed
Submit button is enabled
Submit button is clicked
All details are submitted]]>
  </system-out>
  <testcase classname="com.nextgeni.registerdemotestng.RegisterDemoTestNG" name="registerUser" time="6.942"/>
  <system-out>
    <![CDATA[Registration Title is displayed
Title of the Registration page is : Register For Demo
First Name is displayed
First Name is enabled
First Name entered is : Dhanya
Last Name is displayed
Last Name is enabled
Last Name entered is : Balakrishnan
Female Radio Button is displayed
Female Radio Button is enabled
Female Radio Button is not selected
Female Radio Button is now selected
Address is displayed
Address is enabled
Address entered is : Devajyothi
Street Address is displayed
Street Address is enabled
Street Address entered is : Kisan Road
City is displayed
City is enabled
City entered is : Kannur
State is displayed
State is enabled
State entered is : Kerala
Postal Code  is displayed
Postal Code is enabled
Postal Code entered is : 670014
Country DropDown is displayed
Country DropDown is enabled
Country selected is : India
E mail is displayed
E mail is enabled
E mail entered is : dhanya9633@gmail.com
Date of Demo is displayed
Date of Demo is enabled
Date of Demo is : 07/11/2022
Hour DropDown is displayed
Hour DropDown is enabled
Hour selected is : 09
Minute DropDown is displayed
Minute DropDown is enabled
Minute selected is : 30
Mobile Number is displayed
Mobile Number is enabled
Mobile Number entered is : 9633311635
UFT Checkbox is displayed
UFT Checkbox is enabled
UFT Checkbox is not selected
UFT Checkbox is now selected
Functional Testing Checkbox is displayed
Functional Testing Checkbox is enabled
Functional Testing Checkbox is not selected
Functional Testing sCheckbox is now selected
Query TestBox is displayed
Query TestBox is enabled
Query Entered is : How many days online training?
Enter Two Digit TestBox is displayed
Enter Two Digit TestBox is enabled
Two Digit number entered is :  99
Submit button is displayed
Submit button is enabled
Submit button is clicked
All details are submitted]]>
  </system-out>
  <testcase classname="com.nextgeni.registerdemotestng.RegisterDemoTestNG" name="validatingSuccessfulmsg" time="0.040"/>
  <system-out>
    <![CDATA[Successful message is displayed
The successful message text is : Registration Form is Successfully Submitted. The Transaction ID : NXTGEN1937465
The Transaction number is : NXTGEN1937465]]>
  </system-out>
  <testcase classname="com.nextgeni.registerdemotestng.RegisterDemoTestNG" name="validatingSuccessfulmsg" time="0.065"/>
  <system-out>
    <![CDATA[Successful message is displayed
The successful message text is : Registration Form is Successfully Submitted. The Transaction ID : NXTGEN1937465
The Transaction number is : NXTGEN1937465]]>
  </system-out>
</testsuite> <!-- com.nextgeni.registerdemotestng.RegisterDemoTestNG -->
