<?xml version="1.0" encoding="UTF-8"?>
<!-- Generated by org.testng.reporters.JUnitReportReporter -->
<testsuite hostname="DESKTOP-0GGVNTV" failures="0" tests="3" name="com.nextgeni.registerdemotestng.RegisterDemoTestng1" time="8.161" errors="0" timestamp="2022-07-21T16:58:09 IST" skipped="0">
  <testcase classname="com.nextgeni.registerdemotestng.RegisterDemoTestng1" name="navigateToRegistrationForm" time="3.089"/>
  <system-out/>
  <testcase classname="com.nextgeni.registerdemotestng.RegisterDemoTestng1" name="registerUser" time="5.024"/>
  <system-out/>
  <testcase classname="com.nextgeni.registerdemotestng.RegisterDemoTestng1" name="validatingSuccessfulmsg" time="0.048"/>
  <system-out/>
</testsuite> <!-- com.nextgeni.registerdemotestng.RegisterDemoTestng1 -->
