<?xml version="1.0" encoding="UTF-8"?>
<!-- Generated by org.testng.reporters.JUnitReportReporter -->
<testsuite hostname="DESKTOP-0GGVNTV" failures="0" tests="13" name="com.nextgenai.grouping.NextGenAISuite" time="0.031" errors="0" timestamp="2022-07-21T15:42:24 IST" skipped="0">
  <testcase classname="com.nextgenai.grouping.NextGenAISuite" name="navigateToPythonForDataScience" time="0.006"/>
  <system-out/>
  <testcase classname="com.nextgenai.grouping.NextGenAISuite" name="navigateToRegistrationForm" time="0.001"/>
  <system-out/>
  <testcase classname="com.nextgenai.grouping.NextGenAISuite" name="registerForDemo" time="0.002"/>
  <system-out/>
  <testcase classname="com.nextgenai.grouping.NextGenAISuite" name="navigateToAutomationWindow" time="0.003"/>
  <system-out/>
  <testcase classname="com.nextgenai.grouping.NextGenAISuite" name="handleNewMessageWindow" time="0.002"/>
  <system-out/>
  <testcase classname="com.nextgenai.grouping.NextGenAISuite" name="handleNewBrowserWindow" time="0.002"/>
  <system-out/>
  <testcase classname="com.nextgenai.grouping.NextGenAISuite" name="handleNewTab" time="0.002"/>
  <system-out/>
  <testcase classname="com.nextgenai.grouping.NextGenAISuite" name="navigateToAutomationAlertPopup" time="0.001"/>
  <system-out/>
  <testcase classname="com.nextgenai.grouping.NextGenAISuite" name="handleConfirmAlertPopup" time="0.003"/>
  <system-out/>
  <testcase classname="com.nextgenai.grouping.NextGenAISuite" name="handleAlertPopup" time="0.003"/>
  <system-out/>
  <testcase classname="com.nextgenai.grouping.NextGenAISuite" name="handlePromptPopup" time="0.002"/>
  <system-out/>
  <testcase classname="com.nextgenai.grouping.NextGenAISuite" name="navigateToAutomationTable" time="0.001"/>
  <system-out/>
  <testcase classname="com.nextgenai.grouping.NextGenAISuite" name="extractEmployeeDetails" time="0.003"/>
  <system-out/>
</testsuite> <!-- com.nextgenai.grouping.NextGenAISuite -->
