<?xml version="1.0" encoding="UTF-8"?>
<!-- Generated by org.testng.reporters.JUnitReportReporter -->
<testsuite hostname="DESKTOP-0GGVNTV" failures="0" tests="4" name="com.nextgenai.beforeafterannotations.ScreenNavigation" time="0.016" errors="0" timestamp="2022-08-04T13:08:46 IST" skipped="0">
  <testcase classname="com.nextgenai.beforeafterannotations.ScreenNavigation" name="navigateRequestDemoPage" time="0.003"/>
  <system-out/>
  <testcase classname="com.nextgenai.beforeafterannotations.ScreenNavigation" name="navigateToAlertandPopup" time="0.003"/>
  <system-out/>
  <testcase classname="com.nextgenai.beforeafterannotations.ScreenNavigation" name="navigateToMultipleWindows" time="0.005"/>
  <system-out/>
  <testcase classname="com.nextgenai.beforeafterannotations.ScreenNavigation" name="navigateToWebTable" time="0.005"/>
  <system-out/>
</testsuite> <!-- com.nextgenai.beforeafterannotations.ScreenNavigation -->
